[2021-11-18 04:10:58,243] {DEBUG} __main__: #29 - Starting Division!
[2021-11-18 04:10:59,740] {INFO} __main__: #31 - 6.0
[2021-11-18 04:11:00,854] {INFO} __main__: #33 - 3.0
Hello! Welcome to the ATM Depot!
Amount Deposited: $100.0
Transaction Info:
Status: Successful
Transaction #785215
Timestamp: 2023-07-31 07:18:30.379315
Error! Insufficient balance to complete withdraw.
Transaction Info:
Status: Failed
Transaction #91328
Available Balance = $200.0
Hello! Welcome to the ATM Depot!
Amount Deposited: $50.0
Transaction Info:
Status: Successful
Transaction #752718
Timestamp: 2023-07-31 07:19:41.721298
You withdrew: $10.0
Transaction Info:
Status: Successful
Transaction #609500
Available Balance = $140.0
[2023-07-31 07:25:42,347] INFO  - Hello! Welcome to the ATM Depot!
[2023-07-31 07:26:29,753] INFO  - Amount Deposited: $50.0
[2023-07-31 07:26:29,753] INFO  - Transaction Info:
[2023-07-31 07:26:29,753] INFO  - Status: Successful
[2023-07-31 07:26:29,753] INFO  - Transaction #310798
[2023-07-31 07:26:29,753] INFO  - Timestamp: 2023-07-31 07:26:29.753728
[2023-07-31 07:26:40,340] INFO  - You withdrew: $10.0
[2023-07-31 07:26:40,340] INFO  - Transaction Info:
[2023-07-31 07:26:40,340] INFO  - Status: Successful
[2023-07-31 07:26:40,340] INFO  - Transaction #610671
[2023-07-31 07:26:40,340] INFO  - Available Balance = $140.0
[2023-07-31 07:43:24,717] INFO  - Hello! Welcome to the ATM Depot!
[2023-07-31 07:46:12,055] INFO  Hello! Welcome to the ATM Depot!
[2023-07-31 07:52:40,158] INFO - Hello! Welcome to the ATM Depot!
[2023-07-31 07:52:55,240] INFO - Amount Deposited: $100.0
[2023-07-31 07:52:55,241] INFO - Transaction Info:
[2023-07-31 07:52:55,241] INFO - Status: Successful
[2023-07-31 07:52:55,241] INFO - Transaction #671998
[2023-07-31 07:52:55,241] INFO - Timestamp: 2023-07-31 07:52:55.241272
[2023-07-31 07:52:57,678] INFO - You withdrew: $50.0
[2023-07-31 07:52:57,678] INFO - Transaction Info:
[2023-07-31 07:52:57,678] INFO - Status: Successful
[2023-07-31 07:52:57,678] INFO - Transaction #701657
[2023-07-31 07:52:57,678] INFO - Available Balance = $150.0
INFO:__main__:Hello! Welcome to the ATM Depot!
INFO:__main__:Hello! Welcome to the ATM Depot!
INFO:__main__:Hello! Welcome to the ATM Depot!
